<?xml version="1.0" encoding="UTF-8"?>
<testsuite name="test.java.ohtuesimerkki.StatisticTest" tests="5" skipped="0" failures="0" errors="0" timestamp="2019-10-29T18:37:09" hostname="kevin-EliteBook-820-G3" time="0.006">
  <properties/>
  <testcase name="joukkueenNimiPalauttaa" classname="test.java.ohtuesimerkki.StatisticTest" time="0.005"/>
  <testcase name="topScorersPalauttaaParhaan" classname="test.java.ohtuesimerkki.StatisticTest" time="0.0"/>
  <testcase name="joukkueenNimiPalauttaaTyhjan" classname="test.java.ohtuesimerkki.StatisticTest" time="0.001"/>
  <testcase name="pelaajaaEiLoydyVaarallaNimella" classname="test.java.ohtuesimerkki.StatisticTest" time="0.0"/>
  <testcase name="pelaajaLoytyyNimella" classname="test.java.ohtuesimerkki.StatisticTest" time="0.0"/>
  <system-out><![CDATA[]]></system-out>
  <system-err><![CDATA[]]></system-err>
</testsuite>
