<?xml version="1.0" encoding="UTF-8"?>
<testsuite name="ohtu.verkkokauppa.KauppaTest" tests="8" skipped="0" failures="0" errors="0" timestamp="2019-11-19T16:09:51" hostname="kevin-EliteBook-820-G3" time="1.779">
  <properties/>
  <testcase name="useanSamanOstoksenPaaytyttyaPankinMetodiaTilisiirtoKutsutaanOikeillaArvoilla" classname="ohtu.verkkokauppa.KauppaTest" time="1.651"/>
  <testcase name="ostoksenPaaytyttyaPankinMetodiaTilisiirtoKutsutaan" classname="ohtu.verkkokauppa.KauppaTest" time="0.017"/>
  <testcase name="poistettuTuoteEiVaikutaHintaan" classname="ohtu.verkkokauppa.KauppaTest" time="0.022"/>
  <testcase name="toisenTuotteenLoputtuaOstoksenPaaytyttyaPankinMetodiaTilisiirtoKutsutaanOikeillaArvoilla" classname="ohtu.verkkokauppa.KauppaTest" time="0.022"/>
  <testcase name="ostoksenPaaytyttyaPankinMetodiaTilisiirtoKutsutaanOikeillaArvoilla" classname="ohtu.verkkokauppa.KauppaTest" time="0.011"/>
  <testcase name="useanOstoksenPaaytyttyaPankinMetodiaTilisiirtoKutsutaanOikeillaArvoilla" classname="ohtu.verkkokauppa.KauppaTest" time="0.017"/>
  <testcase name="metodiAloitaAsiointiNollaaEdellisenOstoksenTiedot" classname="ohtu.verkkokauppa.KauppaTest" time="0.014"/>
  <testcase name="metodiAloitaAlustaPyytääUudenViitenumeron" classname="ohtu.verkkokauppa.KauppaTest" time="0.016"/>
  <system-out><![CDATA[]]></system-out>
  <system-err><![CDATA[]]></system-err>
</testsuite>
