<?xml version="1.0" encoding="UTF-8"?>
<testsuite name="ohtu.TennisGameTest" tests="33" skipped="0" failures="1" errors="0" timestamp="2019-11-19T19:54:30" hostname="kevin-EliteBook-820-G3" time="0.041">
  <properties/>
  <testcase name="checkAllScoresTennisGame[0]" classname="ohtu.TennisGameTest" time="0.001"/>
  <testcase name="checkAllScoresTennisGame[1]" classname="ohtu.TennisGameTest" time="0.0"/>
  <testcase name="checkAllScoresTennisGame[2]" classname="ohtu.TennisGameTest" time="0.0"/>
  <testcase name="checkAllScoresTennisGame[3]" classname="ohtu.TennisGameTest" time="0.0"/>
  <testcase name="checkAllScoresTennisGame[4]" classname="ohtu.TennisGameTest" time="0.003">
    <failure message="org.junit.ComparisonFailure: expected:&lt;[Deuce]&gt; but was:&lt;[Win for player2]&gt;" type="org.junit.ComparisonFailure">org.junit.ComparisonFailure: expected:&lt;[Deuce]&gt; but was:&lt;[Win for player2]&gt;
	at org.junit.Assert.assertEquals(Assert.java:115)
	at org.junit.Assert.assertEquals(Assert.java:144)
	at ohtu.TennisGameTest.checkAllScores(TennisGameTest.java:79)
	at ohtu.TennisGameTest.checkAllScoresTennisGame(TennisGameTest.java:85)
	at java.base/jdk.internal.reflect.NativeMethodAccessorImpl.invoke0(Native Method)
	at java.base/jdk.internal.reflect.NativeMethodAccessorImpl.invoke(NativeMethodAccessorImpl.java:62)
	at java.base/jdk.internal.reflect.DelegatingMethodAccessorImpl.invoke(DelegatingMethodAccessorImpl.java:43)
	at java.base/java.lang.reflect.Method.invoke(Method.java:566)
	at org.junit.runners.model.FrameworkMethod$1.runReflectiveCall(FrameworkMethod.java:50)
	at org.junit.internal.runners.model.ReflectiveCallable.run(ReflectiveCallable.java:12)
	at org.junit.runners.model.FrameworkMethod.invokeExplosively(FrameworkMethod.java:47)
	at org.junit.internal.runners.statements.InvokeMethod.evaluate(InvokeMethod.java:17)
	at org.junit.runners.ParentRunner.runLeaf(ParentRunner.java:325)
	at org.junit.runners.BlockJUnit4ClassRunner.runChild(BlockJUnit4ClassRunner.java:78)
	at org.junit.runners.BlockJUnit4ClassRunner.runChild(BlockJUnit4ClassRunner.java:57)
	at org.junit.runners.ParentRunner$3.run(ParentRunner.java:290)
	at org.junit.runners.ParentRunner$1.schedule(ParentRunner.java:71)
	at org.junit.runners.ParentRunner.runChildren(ParentRunner.java:288)
	at org.junit.runners.ParentRunner.access$000(ParentRunner.java:58)
	at org.junit.runners.ParentRunner$2.evaluate(ParentRunner.java:268)
	at org.junit.runners.ParentRunner.run(ParentRunner.java:363)
	at org.junit.runners.Suite.runChild(Suite.java:128)
	at org.junit.runners.Suite.runChild(Suite.java:27)
	at org.junit.runners.ParentRunner$3.run(ParentRunner.java:290)
	at org.junit.runners.ParentRunner$1.schedule(ParentRunner.java:71)
	at org.junit.runners.ParentRunner.runChildren(ParentRunner.java:288)
	at org.junit.runners.ParentRunner.access$000(ParentRunner.java:58)
	at org.junit.runners.ParentRunner$2.evaluate(ParentRunner.java:268)
	at org.junit.runners.ParentRunner.run(ParentRunner.java:363)
	at org.gradle.api.internal.tasks.testing.junit.JUnitTestClassExecutor.runTestClass(JUnitTestClassExecutor.java:110)
	at org.gradle.api.internal.tasks.testing.junit.JUnitTestClassExecutor.execute(JUnitTestClassExecutor.java:58)
	at org.gradle.api.internal.tasks.testing.junit.JUnitTestClassExecutor.execute(JUnitTestClassExecutor.java:38)
	at org.gradle.api.internal.tasks.testing.junit.AbstractJUnitTestClassProcessor.processTestClass(AbstractJUnitTestClassProcessor.java:62)
	at org.gradle.api.internal.tasks.testing.SuiteTestClassProcessor.processTestClass(SuiteTestClassProcessor.java:51)
	at java.base/jdk.internal.reflect.NativeMethodAccessorImpl.invoke0(Native Method)
	at java.base/jdk.internal.reflect.NativeMethodAccessorImpl.invoke(NativeMethodAccessorImpl.java:62)
	at java.base/jdk.internal.reflect.DelegatingMethodAccessorImpl.invoke(DelegatingMethodAccessorImpl.java:43)
	at java.base/java.lang.reflect.Method.invoke(Method.java:566)
	at org.gradle.internal.dispatch.ReflectionDispatch.dispatch(ReflectionDispatch.java:36)
	at org.gradle.internal.dispatch.ReflectionDispatch.dispatch(ReflectionDispatch.java:24)
	at org.gradle.internal.dispatch.ContextClassLoaderDispatch.dispatch(ContextClassLoaderDispatch.java:33)
	at org.gradle.internal.dispatch.ProxyDispatchAdapter$DispatchingInvocationHandler.invoke(ProxyDispatchAdapter.java:94)
	at com.sun.proxy.$Proxy2.processTestClass(Unknown Source)
	at org.gradle.api.internal.tasks.testing.worker.TestWorker.processTestClass(TestWorker.java:118)
	at java.base/jdk.internal.reflect.NativeMethodAccessorImpl.invoke0(Native Method)
	at java.base/jdk.internal.reflect.NativeMethodAccessorImpl.invoke(NativeMethodAccessorImpl.java:62)
	at java.base/jdk.internal.reflect.DelegatingMethodAccessorImpl.invoke(DelegatingMethodAccessorImpl.java:43)
	at java.base/java.lang.reflect.Method.invoke(Method.java:566)
	at org.gradle.internal.dispatch.ReflectionDispatch.dispatch(ReflectionDispatch.java:36)
	at org.gradle.internal.dispatch.ReflectionDispatch.dispatch(ReflectionDispatch.java:24)
	at org.gradle.internal.remote.internal.hub.MessageHubBackedObjectConnection$DispatchWrapper.dispatch(MessageHubBackedObjectConnection.java:182)
	at org.gradle.internal.remote.internal.hub.MessageHubBackedObjectConnection$DispatchWrapper.dispatch(MessageHubBackedObjectConnection.java:164)
	at org.gradle.internal.remote.internal.hub.MessageHub$Handler.run(MessageHub.java:412)
	at org.gradle.internal.concurrent.ExecutorPolicy$CatchAndRecordFailures.onExecute(ExecutorPolicy.java:64)
	at org.gradle.internal.concurrent.ManagedExecutorImpl$1.run(ManagedExecutorImpl.java:48)
	at java.base/java.util.concurrent.ThreadPoolExecutor.runWorker(ThreadPoolExecutor.java:1128)
	at java.base/java.util.concurrent.ThreadPoolExecutor$Worker.run(ThreadPoolExecutor.java:628)
	at org.gradle.internal.concurrent.ThreadFactoryImpl$ManagedThreadRunnable.run(ThreadFactoryImpl.java:56)
	at java.base/java.lang.Thread.run(Thread.java:834)
</failure>
  </testcase>
  <testcase name="checkAllScoresTennisGame[5]" classname="ohtu.TennisGameTest" time="0.026"/>
  <testcase name="checkAllScoresTennisGame[6]" classname="ohtu.TennisGameTest" time="0.0"/>
  <testcase name="checkAllScoresTennisGame[7]" classname="ohtu.TennisGameTest" time="0.0"/>
  <testcase name="checkAllScoresTennisGame[8]" classname="ohtu.TennisGameTest" time="0.0"/>
  <testcase name="checkAllScoresTennisGame[9]" classname="ohtu.TennisGameTest" time="0.0"/>
  <testcase name="checkAllScoresTennisGame[10]" classname="ohtu.TennisGameTest" time="0.0"/>
  <testcase name="checkAllScoresTennisGame[11]" classname="ohtu.TennisGameTest" time="0.0"/>
  <testcase name="checkAllScoresTennisGame[12]" classname="ohtu.TennisGameTest" time="0.0"/>
  <testcase name="checkAllScoresTennisGame[13]" classname="ohtu.TennisGameTest" time="0.0"/>
  <testcase name="checkAllScoresTennisGame[14]" classname="ohtu.TennisGameTest" time="0.0"/>
  <testcase name="checkAllScoresTennisGame[15]" classname="ohtu.TennisGameTest" time="0.001"/>
  <testcase name="checkAllScoresTennisGame[16]" classname="ohtu.TennisGameTest" time="0.0"/>
  <testcase name="checkAllScoresTennisGame[17]" classname="ohtu.TennisGameTest" time="0.0"/>
  <testcase name="checkAllScoresTennisGame[18]" classname="ohtu.TennisGameTest" time="0.0"/>
  <testcase name="checkAllScoresTennisGame[19]" classname="ohtu.TennisGameTest" time="0.0"/>
  <testcase name="checkAllScoresTennisGame[20]" classname="ohtu.TennisGameTest" time="0.0"/>
  <testcase name="checkAllScoresTennisGame[21]" classname="ohtu.TennisGameTest" time="0.0"/>
  <testcase name="checkAllScoresTennisGame[22]" classname="ohtu.TennisGameTest" time="0.0"/>
  <testcase name="checkAllScoresTennisGame[23]" classname="ohtu.TennisGameTest" time="0.0"/>
  <testcase name="checkAllScoresTennisGame[24]" classname="ohtu.TennisGameTest" time="0.0"/>
  <testcase name="checkAllScoresTennisGame[25]" classname="ohtu.TennisGameTest" time="0.0"/>
  <testcase name="checkAllScoresTennisGame[26]" classname="ohtu.TennisGameTest" time="0.0"/>
  <testcase name="checkAllScoresTennisGame[27]" classname="ohtu.TennisGameTest" time="0.0"/>
  <testcase name="checkAllScoresTennisGame[28]" classname="ohtu.TennisGameTest" time="0.0"/>
  <testcase name="checkAllScoresTennisGame[29]" classname="ohtu.TennisGameTest" time="0.0"/>
  <testcase name="checkAllScoresTennisGame[30]" classname="ohtu.TennisGameTest" time="0.0"/>
  <testcase name="checkAllScoresTennisGame[31]" classname="ohtu.TennisGameTest" time="0.0"/>
  <testcase name="checkAllScoresTennisGame[32]" classname="ohtu.TennisGameTest" time="0.0"/>
  <system-out><![CDATA[]]></system-out>
  <system-err><![CDATA[]]></system-err>
</testsuite>
